{"C:\\Users\\user\\Desktop\\Assig2\\controllers\\AuthController.js": {"path":"C:\\Users\\user\\Desktop\\Assig2\\controllers\\AuthController.js","statementMap":{"0":{"start":{"line":6,"column":22},"end":{"line":8,"column":1}},"1":{"start":{"line":7,"column":4},"end":{"line":7,"column":57}},"2":{"start":{"line":10,"column":24},"end":{"line":32,"column":1}},"3":{"start":{"line":11,"column":4},"end":{"line":31,"column":5}},"4":{"start":{"line":12,"column":46},"end":{"line":12,"column":54}},"5":{"start":{"line":14,"column":27},"end":{"line":14,"column":56}},"6":{"start":{"line":15,"column":8},"end":{"line":17,"column":9}},"7":{"start":{"line":16,"column":12},"end":{"line":16,"column":76}},"8":{"start":{"line":19,"column":31},"end":{"line":19,"column":62}},"9":{"start":{"line":20,"column":21},"end":{"line":20,"column":76}},"10":{"start":{"line":21,"column":8},"end":{"line":21,"column":26}},"11":{"start":{"line":23,"column":8},"end":{"line":28,"column":11}},"12":{"start":{"line":30,"column":8},"end":{"line":30,"column":57}},"13":{"start":{"line":34,"column":21},"end":{"line":59,"column":1}},"14":{"start":{"line":35,"column":4},"end":{"line":58,"column":5}},"15":{"start":{"line":36,"column":36},"end":{"line":36,"column":44}},"16":{"start":{"line":37,"column":21},"end":{"line":37,"column":50}},"17":{"start":{"line":38,"column":8},"end":{"line":40,"column":9}},"18":{"start":{"line":39,"column":12},"end":{"line":39,"column":80}},"19":{"start":{"line":41,"column":30},"end":{"line":41,"column":75}},"20":{"start":{"line":42,"column":8},"end":{"line":44,"column":9}},"21":{"start":{"line":43,"column":12},"end":{"line":43,"column":82}},"22":{"start":{"line":46,"column":29},"end":{"line":46,"column":103}},"23":{"start":{"line":47,"column":8},"end":{"line":47,"column":41}},"24":{"start":{"line":48,"column":8},"end":{"line":48,"column":26}},"25":{"start":{"line":49,"column":8},"end":{"line":55,"column":11}},"26":{"start":{"line":57,"column":8},"end":{"line":57,"column":57}},"27":{"start":{"line":61,"column":28},"end":{"line":78,"column":1}},"28":{"start":{"line":62,"column":29},"end":{"line":62,"column":39}},"29":{"start":{"line":64,"column":17},"end":{"line":64,"column":53}},"30":{"start":{"line":65,"column":4},"end":{"line":67,"column":5}},"31":{"start":{"line":66,"column":8},"end":{"line":66,"column":72}},"32":{"start":{"line":69,"column":4},"end":{"line":77,"column":7}},"33":{"start":{"line":70,"column":8},"end":{"line":72,"column":9}},"34":{"start":{"line":71,"column":12},"end":{"line":71,"column":76}},"35":{"start":{"line":74,"column":28},"end":{"line":74,"column":51}},"36":{"start":{"line":76,"column":8},"end":{"line":76,"column":46}},"37":{"start":{"line":80,"column":22},"end":{"line":93,"column":1}},"38":{"start":{"line":81,"column":29},"end":{"line":81,"column":37}},"39":{"start":{"line":83,"column":4},"end":{"line":85,"column":5}},"40":{"start":{"line":84,"column":8},"end":{"line":84,"column":76}},"41":{"start":{"line":87,"column":17},"end":{"line":87,"column":86}},"42":{"start":{"line":88,"column":4},"end":{"line":90,"column":5}},"43":{"start":{"line":89,"column":8},"end":{"line":89,"column":72}},"44":{"start":{"line":92,"column":4},"end":{"line":92,"column":58}}},"fnMap":{"0":{"name":"(anonymous_0)","decl":{"start":{"line":6,"column":22},"end":{"line":6,"column":23}},"loc":{"start":{"line":6,"column":30},"end":{"line":8,"column":1}},"line":6},"1":{"name":"(anonymous_1)","decl":{"start":{"line":10,"column":24},"end":{"line":10,"column":25}},"loc":{"start":{"line":10,"column":44},"end":{"line":32,"column":1}},"line":10},"2":{"name":"(anonymous_2)","decl":{"start":{"line":34,"column":21},"end":{"line":34,"column":22}},"loc":{"start":{"line":34,"column":41},"end":{"line":59,"column":1}},"line":34},"3":{"name":"(anonymous_3)","decl":{"start":{"line":61,"column":28},"end":{"line":61,"column":29}},"loc":{"start":{"line":61,"column":48},"end":{"line":78,"column":1}},"line":61},"4":{"name":"(anonymous_4)","decl":{"start":{"line":69,"column":37},"end":{"line":69,"column":38}},"loc":{"start":{"line":69,"column":55},"end":{"line":77,"column":5}},"line":69},"5":{"name":"(anonymous_5)","decl":{"start":{"line":80,"column":22},"end":{"line":80,"column":23}},"loc":{"start":{"line":80,"column":42},"end":{"line":93,"column":1}},"line":80}},"branchMap":{"0":{"loc":{"start":{"line":15,"column":8},"end":{"line":17,"column":9}},"type":"if","locations":[{"start":{"line":15,"column":8},"end":{"line":17,"column":9}},{"start":{},"end":{}}],"line":15},"1":{"loc":{"start":{"line":38,"column":8},"end":{"line":40,"column":9}},"type":"if","locations":[{"start":{"line":38,"column":8},"end":{"line":40,"column":9}},{"start":{},"end":{}}],"line":38},"2":{"loc":{"start":{"line":42,"column":8},"end":{"line":44,"column":9}},"type":"if","locations":[{"start":{"line":42,"column":8},"end":{"line":44,"column":9}},{"start":{},"end":{}}],"line":42},"3":{"loc":{"start":{"line":65,"column":4},"end":{"line":67,"column":5}},"type":"if","locations":[{"start":{"line":65,"column":4},"end":{"line":67,"column":5}},{"start":{},"end":{}}],"line":65},"4":{"loc":{"start":{"line":70,"column":8},"end":{"line":72,"column":9}},"type":"if","locations":[{"start":{"line":70,"column":8},"end":{"line":72,"column":9}},{"start":{},"end":{}}],"line":70},"5":{"loc":{"start":{"line":83,"column":4},"end":{"line":85,"column":5}},"type":"if","locations":[{"start":{"line":83,"column":4},"end":{"line":85,"column":5}},{"start":{},"end":{}}],"line":83},"6":{"loc":{"start":{"line":88,"column":4},"end":{"line":90,"column":5}},"type":"if","locations":[{"start":{"line":88,"column":4},"end":{"line":90,"column":5}},{"start":{},"end":{}}],"line":88}},"s":{"0":3,"1":13,"2":3,"3":11,"4":11,"5":11,"6":10,"7":2,"8":8,"9":8,"10":8,"11":7,"12":2,"13":3,"14":8,"15":8,"16":8,"17":7,"18":1,"19":6,"20":6,"21":1,"22":5,"23":5,"24":5,"25":5,"26":1,"27":3,"28":3,"29":3,"30":3,"31":2,"32":1,"33":1,"34":0,"35":1,"36":1,"37":3,"38":3,"39":3,"40":1,"41":2,"42":2,"43":1,"44":1},"f":{"0":13,"1":11,"2":8,"3":3,"4":1,"5":3},"b":{"0":[2,8],"1":[1,6],"2":[1,5],"3":[2,1],"4":[0,1],"5":[1,2],"6":[1,1]},"_coverageSchema":"1a1c01bbd47fc00a2c39e90264f33305004495a9","hash":"c1ca4ee51393b81e8c324b322be0bf6cdd8b4856"}
,"C:\\Users\\user\\Desktop\\Assig2\\controllers\\commentController.js": {"path":"C:\\Users\\user\\Desktop\\Assig2\\controllers\\commentController.js","statementMap":{"0":{"start":{"line":5,"column":29},"end":{"line":17,"column":1}},"1":{"start":{"line":6,"column":4},"end":{"line":16,"column":5}},"2":{"start":{"line":7,"column":42},"end":{"line":7,"column":50}},"3":{"start":{"line":8,"column":21},"end":{"line":8,"column":54}},"4":{"start":{"line":9,"column":8},"end":{"line":11,"column":9}},"5":{"start":{"line":10,"column":12},"end":{"line":10,"column":74}},"6":{"start":{"line":12,"column":24},"end":{"line":12,"column":71}},"7":{"start":{"line":13,"column":8},"end":{"line":13,"column":38}},"8":{"start":{"line":15,"column":8},"end":{"line":15,"column":53}},"9":{"start":{"line":20,"column":30},"end":{"line":27,"column":1}},"10":{"start":{"line":21,"column":4},"end":{"line":26,"column":5}},"11":{"start":{"line":22,"column":25},"end":{"line":22,"column":45}},"12":{"start":{"line":23,"column":8},"end":{"line":23,"column":39}},"13":{"start":{"line":25,"column":8},"end":{"line":25,"column":53}},"14":{"start":{"line":30,"column":33},"end":{"line":41,"column":1}},"15":{"start":{"line":31,"column":4},"end":{"line":40,"column":5}},"16":{"start":{"line":32,"column":27},"end":{"line":32,"column":37}},"17":{"start":{"line":33,"column":25},"end":{"line":33,"column":55}},"18":{"start":{"line":34,"column":8},"end":{"line":36,"column":9}},"19":{"start":{"line":35,"column":12},"end":{"line":35,"column":78}},"20":{"start":{"line":37,"column":8},"end":{"line":37,"column":39}},"21":{"start":{"line":39,"column":8},"end":{"line":39,"column":53}},"22":{"start":{"line":44,"column":33},"end":{"line":52,"column":1}},"23":{"start":{"line":45,"column":4},"end":{"line":51,"column":5}},"24":{"start":{"line":46,"column":25},"end":{"line":46,"column":35}},"25":{"start":{"line":47,"column":25},"end":{"line":47,"column":53}},"26":{"start":{"line":48,"column":8},"end":{"line":48,"column":39}},"27":{"start":{"line":50,"column":8},"end":{"line":50,"column":53}},"28":{"start":{"line":55,"column":30},"end":{"line":63,"column":1}},"29":{"start":{"line":56,"column":4},"end":{"line":62,"column":5}},"30":{"start":{"line":57,"column":23},"end":{"line":57,"column":33}},"31":{"start":{"line":58,"column":25},"end":{"line":58,"column":51}},"32":{"start":{"line":59,"column":8},"end":{"line":59,"column":39}},"33":{"start":{"line":61,"column":8},"end":{"line":61,"column":53}},"34":{"start":{"line":67,"column":29},"end":{"line":77,"column":1}},"35":{"start":{"line":68,"column":4},"end":{"line":76,"column":5}},"36":{"start":{"line":69,"column":23},"end":{"line":69,"column":33}},"37":{"start":{"line":70,"column":28},"end":{"line":70,"column":36}},"38":{"start":{"line":71,"column":31},"end":{"line":71,"column":94}},"39":{"start":{"line":72,"column":8},"end":{"line":72,"column":91}},"40":{"start":{"line":72,"column":29},"end":{"line":72,"column":91}},"41":{"start":{"line":73,"column":8},"end":{"line":73,"column":45}},"42":{"start":{"line":75,"column":8},"end":{"line":75,"column":53}},"43":{"start":{"line":80,"column":29},"end":{"line":89,"column":1}},"44":{"start":{"line":81,"column":4},"end":{"line":88,"column":5}},"45":{"start":{"line":82,"column":23},"end":{"line":82,"column":33}},"46":{"start":{"line":83,"column":31},"end":{"line":83,"column":66}},"47":{"start":{"line":84,"column":8},"end":{"line":84,"column":91}},"48":{"start":{"line":84,"column":29},"end":{"line":84,"column":91}},"49":{"start":{"line":85,"column":8},"end":{"line":85,"column":74}},"50":{"start":{"line":87,"column":8},"end":{"line":87,"column":53}},"51":{"start":{"line":92,"column":33},"end":{"line":102,"column":1}},"52":{"start":{"line":93,"column":4},"end":{"line":101,"column":5}},"53":{"start":{"line":94,"column":23},"end":{"line":94,"column":51}},"54":{"start":{"line":95,"column":8},"end":{"line":98,"column":11}},"55":{"start":{"line":100,"column":8},"end":{"line":100,"column":53}}},"fnMap":{"0":{"name":"(anonymous_0)","decl":{"start":{"line":5,"column":29},"end":{"line":5,"column":30}},"loc":{"start":{"line":5,"column":49},"end":{"line":17,"column":1}},"line":5},"1":{"name":"(anonymous_1)","decl":{"start":{"line":20,"column":30},"end":{"line":20,"column":31}},"loc":{"start":{"line":20,"column":50},"end":{"line":27,"column":1}},"line":20},"2":{"name":"(anonymous_2)","decl":{"start":{"line":30,"column":33},"end":{"line":30,"column":34}},"loc":{"start":{"line":30,"column":53},"end":{"line":41,"column":1}},"line":30},"3":{"name":"(anonymous_3)","decl":{"start":{"line":44,"column":33},"end":{"line":44,"column":34}},"loc":{"start":{"line":44,"column":53},"end":{"line":52,"column":1}},"line":44},"4":{"name":"(anonymous_4)","decl":{"start":{"line":55,"column":30},"end":{"line":55,"column":31}},"loc":{"start":{"line":55,"column":50},"end":{"line":63,"column":1}},"line":55},"5":{"name":"(anonymous_5)","decl":{"start":{"line":67,"column":29},"end":{"line":67,"column":30}},"loc":{"start":{"line":67,"column":49},"end":{"line":77,"column":1}},"line":67},"6":{"name":"(anonymous_6)","decl":{"start":{"line":80,"column":29},"end":{"line":80,"column":30}},"loc":{"start":{"line":80,"column":49},"end":{"line":89,"column":1}},"line":80},"7":{"name":"(anonymous_7)","decl":{"start":{"line":92,"column":33},"end":{"line":92,"column":34}},"loc":{"start":{"line":92,"column":53},"end":{"line":102,"column":1}},"line":92}},"branchMap":{"0":{"loc":{"start":{"line":9,"column":8},"end":{"line":11,"column":9}},"type":"if","locations":[{"start":{"line":9,"column":8},"end":{"line":11,"column":9}},{"start":{},"end":{}}],"line":9},"1":{"loc":{"start":{"line":34,"column":8},"end":{"line":36,"column":9}},"type":"if","locations":[{"start":{"line":34,"column":8},"end":{"line":36,"column":9}},{"start":{},"end":{}}],"line":34},"2":{"loc":{"start":{"line":72,"column":8},"end":{"line":72,"column":91}},"type":"if","locations":[{"start":{"line":72,"column":8},"end":{"line":72,"column":91}},{"start":{},"end":{}}],"line":72},"3":{"loc":{"start":{"line":84,"column":8},"end":{"line":84,"column":91}},"type":"if","locations":[{"start":{"line":84,"column":8},"end":{"line":84,"column":91}},{"start":{},"end":{}}],"line":84}},"s":{"0":3,"1":3,"2":3,"3":3,"4":2,"5":1,"6":1,"7":1,"8":1,"9":3,"10":1,"11":1,"12":1,"13":0,"14":3,"15":2,"16":2,"17":2,"18":2,"19":1,"20":1,"21":0,"22":3,"23":1,"24":1,"25":1,"26":1,"27":0,"28":3,"29":0,"30":0,"31":0,"32":0,"33":0,"34":3,"35":2,"36":2,"37":2,"38":2,"39":2,"40":1,"41":1,"42":0,"43":3,"44":2,"45":2,"46":2,"47":2,"48":1,"49":1,"50":0,"51":3,"52":1,"53":1,"54":1,"55":0},"f":{"0":3,"1":1,"2":2,"3":1,"4":0,"5":2,"6":2,"7":1},"b":{"0":[1,1],"1":[1,1],"2":[1,1],"3":[1,1]},"_coverageSchema":"1a1c01bbd47fc00a2c39e90264f33305004495a9","hash":"f46b69392f3579ee23effa35e530f05809b2f62d"}
,"C:\\Users\\user\\Desktop\\Assig2\\controllers\\postController.js": {"path":"C:\\Users\\user\\Desktop\\Assig2\\controllers\\postController.js","statementMap":{"0":{"start":{"line":4,"column":23},"end":{"line":12,"column":1}},"1":{"start":{"line":5,"column":4},"end":{"line":11,"column":5}},"2":{"start":{"line":6,"column":21},"end":{"line":6,"column":39}},"3":{"start":{"line":7,"column":8},"end":{"line":7,"column":26}},"4":{"start":{"line":8,"column":8},"end":{"line":8,"column":41}},"5":{"start":{"line":10,"column":8},"end":{"line":10,"column":60}},"6":{"start":{"line":14,"column":36},"end":{"line":29,"column":1}},"7":{"start":{"line":15,"column":4},"end":{"line":28,"column":5}},"8":{"start":{"line":16,"column":25},"end":{"line":16,"column":41}},"9":{"start":{"line":17,"column":8},"end":{"line":23,"column":9}},"10":{"start":{"line":18,"column":26},"end":{"line":18,"column":63}},"11":{"start":{"line":19,"column":12},"end":{"line":21,"column":13}},"12":{"start":{"line":20,"column":16},"end":{"line":20,"column":89}},"13":{"start":{"line":22,"column":12},"end":{"line":22,"column":35}},"14":{"start":{"line":24,"column":25},"end":{"line":24,"column":42}},"15":{"start":{"line":25,"column":8},"end":{"line":25,"column":45}},"16":{"start":{"line":27,"column":8},"end":{"line":27,"column":60}},"17":{"start":{"line":31,"column":27},"end":{"line":41,"column":1}},"18":{"start":{"line":32,"column":4},"end":{"line":40,"column":5}},"19":{"start":{"line":33,"column":21},"end":{"line":33,"column":58}},"20":{"start":{"line":34,"column":8},"end":{"line":36,"column":9}},"21":{"start":{"line":35,"column":12},"end":{"line":35,"column":69}},"22":{"start":{"line":37,"column":8},"end":{"line":37,"column":23}},"23":{"start":{"line":39,"column":8},"end":{"line":39,"column":60}},"24":{"start":{"line":43,"column":26},"end":{"line":53,"column":1}},"25":{"start":{"line":44,"column":4},"end":{"line":52,"column":5}},"26":{"start":{"line":45,"column":21},"end":{"line":45,"column":93}},"27":{"start":{"line":46,"column":8},"end":{"line":48,"column":9}},"28":{"start":{"line":47,"column":12},"end":{"line":47,"column":67}},"29":{"start":{"line":49,"column":8},"end":{"line":49,"column":41}},"30":{"start":{"line":51,"column":8},"end":{"line":51,"column":60}}},"fnMap":{"0":{"name":"(anonymous_0)","decl":{"start":{"line":4,"column":23},"end":{"line":4,"column":24}},"loc":{"start":{"line":4,"column":42},"end":{"line":12,"column":1}},"line":4},"1":{"name":"(anonymous_1)","decl":{"start":{"line":14,"column":36},"end":{"line":14,"column":37}},"loc":{"start":{"line":14,"column":55},"end":{"line":29,"column":1}},"line":14},"2":{"name":"(anonymous_2)","decl":{"start":{"line":31,"column":27},"end":{"line":31,"column":28}},"loc":{"start":{"line":31,"column":46},"end":{"line":41,"column":1}},"line":31},"3":{"name":"(anonymous_3)","decl":{"start":{"line":43,"column":26},"end":{"line":43,"column":27}},"loc":{"start":{"line":43,"column":45},"end":{"line":53,"column":1}},"line":43}},"branchMap":{"0":{"loc":{"start":{"line":17,"column":8},"end":{"line":23,"column":9}},"type":"if","locations":[{"start":{"line":17,"column":8},"end":{"line":23,"column":9}},{"start":{},"end":{}}],"line":17},"1":{"loc":{"start":{"line":19,"column":12},"end":{"line":21,"column":13}},"type":"if","locations":[{"start":{"line":19,"column":12},"end":{"line":21,"column":13}},{"start":{},"end":{}}],"line":19},"2":{"loc":{"start":{"line":19,"column":16},"end":{"line":19,"column":44}},"type":"binary-expr","locations":[{"start":{"line":19,"column":16},"end":{"line":19,"column":22}},{"start":{"line":19,"column":26},"end":{"line":19,"column":44}}],"line":19},"3":{"loc":{"start":{"line":34,"column":8},"end":{"line":36,"column":9}},"type":"if","locations":[{"start":{"line":34,"column":8},"end":{"line":36,"column":9}},{"start":{},"end":{}}],"line":34},"4":{"loc":{"start":{"line":46,"column":8},"end":{"line":48,"column":9}},"type":"if","locations":[{"start":{"line":46,"column":8},"end":{"line":48,"column":9}},{"start":{},"end":{}}],"line":46}},"s":{"0":3,"1":2,"2":2,"3":2,"4":1,"5":1,"6":3,"7":2,"8":2,"9":2,"10":1,"11":1,"12":0,"13":1,"14":1,"15":1,"16":0,"17":3,"18":2,"19":2,"20":2,"21":1,"22":1,"23":0,"24":3,"25":2,"26":2,"27":2,"28":1,"29":1,"30":0},"f":{"0":2,"1":2,"2":2,"3":2},"b":{"0":[1,1],"1":[0,1],"2":[1,1],"3":[1,1],"4":[1,1]},"_coverageSchema":"1a1c01bbd47fc00a2c39e90264f33305004495a9","hash":"c12c94237787f55e3f4de08eb2f41ac8ea980de8"}
,"C:\\Users\\user\\Desktop\\Assig2\\middleware\\middleware.js": {"path":"C:\\Users\\user\\Desktop\\Assig2\\middleware\\middleware.js","statementMap":{"0":{"start":{"line":4,"column":23},"end":{"line":18,"column":1}},"1":{"start":{"line":6,"column":4},"end":{"line":17,"column":5}},"2":{"start":{"line":7,"column":8},"end":{"line":14,"column":9}},"3":{"start":{"line":8,"column":12},"end":{"line":8,"column":60}},"4":{"start":{"line":9,"column":28},"end":{"line":9,"column":53}},"5":{"start":{"line":10,"column":12},"end":{"line":10,"column":75}},"6":{"start":{"line":11,"column":12},"end":{"line":11,"column":19}},"7":{"start":{"line":13,"column":12},"end":{"line":13,"column":78}},"8":{"start":{"line":16,"column":8},"end":{"line":16,"column":70}}},"fnMap":{"0":{"name":"(anonymous_0)","decl":{"start":{"line":4,"column":23},"end":{"line":4,"column":24}},"loc":{"start":{"line":4,"column":49},"end":{"line":18,"column":1}},"line":4}},"branchMap":{"0":{"loc":{"start":{"line":6,"column":4},"end":{"line":17,"column":5}},"type":"if","locations":[{"start":{"line":6,"column":4},"end":{"line":17,"column":5}},{"start":{"line":15,"column":11},"end":{"line":17,"column":5}}],"line":6},"1":{"loc":{"start":{"line":6,"column":8},"end":{"line":6,"column":83}},"type":"binary-expr","locations":[{"start":{"line":6,"column":8},"end":{"line":6,"column":33}},{"start":{"line":6,"column":37},"end":{"line":6,"column":83}}],"line":6}},"s":{"0":3,"1":22,"2":21,"3":21,"4":21,"5":20,"6":20,"7":1,"8":1},"f":{"0":22},"b":{"0":[21,1],"1":[22,21]},"_coverageSchema":"1a1c01bbd47fc00a2c39e90264f33305004495a9","hash":"59c647ab78d03a6ad8a1596d01b5227477a3dffb"}
,"C:\\Users\\user\\Desktop\\Assig2\\models\\commentModel.js": {"path":"C:\\Users\\user\\Desktop\\Assig2\\models\\commentModel.js","statementMap":{"0":{"start":{"line":3,"column":22},"end":{"line":8,"column":2}}},"fnMap":{},"branchMap":{},"s":{"0":3},"f":{},"b":{},"_coverageSchema":"1a1c01bbd47fc00a2c39e90264f33305004495a9","hash":"387615ff30d212156cfc5a0772182f4fcec26a21"}
,"C:\\Users\\user\\Desktop\\Assig2\\models\\postModel.js": {"path":"C:\\Users\\user\\Desktop\\Assig2\\models\\postModel.js","statementMap":{"0":{"start":{"line":3,"column":19},"end":{"line":16,"column":23}},"1":{"start":{"line":18,"column":13},"end":{"line":18,"column":47}}},"fnMap":{},"branchMap":{},"s":{"0":3,"1":3},"f":{},"b":{},"_coverageSchema":"1a1c01bbd47fc00a2c39e90264f33305004495a9","hash":"f7404a9f377b30f3c22a246c840b0dae82daea66"}
,"C:\\Users\\user\\Desktop\\Assig2\\models\\userModel.js": {"path":"C:\\Users\\user\\Desktop\\Assig2\\models\\userModel.js","statementMap":{"0":{"start":{"line":3,"column":19},"end":{"line":8,"column":2}},"1":{"start":{"line":10,"column":13},"end":{"line":10,"column":47}}},"fnMap":{},"branchMap":{},"s":{"0":3,"1":3},"f":{},"b":{},"_coverageSchema":"1a1c01bbd47fc00a2c39e90264f33305004495a9","hash":"4e36dbad60f3f63f3b9b72812ca105a17c807633"}
,"C:\\Users\\user\\Desktop\\Assig2\\routes\\authRoutes.js": {"path":"C:\\Users\\user\\Desktop\\Assig2\\routes\\authRoutes.js","statementMap":{"0":{"start":{"line":3,"column":15},"end":{"line":3,"column":31}},"1":{"start":{"line":63,"column":0},"end":{"line":63,"column":34}},"2":{"start":{"line":82,"column":0},"end":{"line":82,"column":29}},"3":{"start":{"line":136,"column":0},"end":{"line":136,"column":31}},"4":{"start":{"line":157,"column":0},"end":{"line":157,"column":44}}},"fnMap":{},"branchMap":{},"s":{"0":3,"1":3,"2":3,"3":3,"4":3},"f":{},"b":{},"_coverageSchema":"1a1c01bbd47fc00a2c39e90264f33305004495a9","hash":"8408c9735b48adae827ede112d6a332fa3307f0e"}
,"C:\\Users\\user\\Desktop\\Assig2\\routes\\commentRoutes.js": {"path":"C:\\Users\\user\\Desktop\\Assig2\\routes\\commentRoutes.js","statementMap":{"0":{"start":{"line":14,"column":15},"end":{"line":14,"column":31}},"1":{"start":{"line":17,"column":0},"end":{"line":17,"column":40}},"2":{"start":{"line":20,"column":0},"end":{"line":20,"column":40}},"3":{"start":{"line":23,"column":0},"end":{"line":23,"column":50}},"4":{"start":{"line":26,"column":0},"end":{"line":26,"column":53}},"5":{"start":{"line":29,"column":0},"end":{"line":29,"column":53}},"6":{"start":{"line":32,"column":0},"end":{"line":32,"column":42}},"7":{"start":{"line":35,"column":0},"end":{"line":35,"column":45}},"8":{"start":{"line":38,"column":0},"end":{"line":38,"column":45}}},"fnMap":{},"branchMap":{},"s":{"0":3,"1":3,"2":3,"3":3,"4":3,"5":3,"6":3,"7":3,"8":3},"f":{},"b":{},"_coverageSchema":"1a1c01bbd47fc00a2c39e90264f33305004495a9","hash":"e865e1ae32b4396a4391aaddb66af9168c17c0d1"}
,"C:\\Users\\user\\Desktop\\Assig2\\routes\\postRoutes.js": {"path":"C:\\Users\\user\\Desktop\\Assig2\\routes\\postRoutes.js","statementMap":{"0":{"start":{"line":4,"column":15},"end":{"line":4,"column":31}},"1":{"start":{"line":6,"column":0},"end":{"line":6,"column":35}},"2":{"start":{"line":7,"column":0},"end":{"line":7,"column":46}},"3":{"start":{"line":8,"column":0},"end":{"line":8,"column":40}},"4":{"start":{"line":9,"column":0},"end":{"line":9,"column":39}}},"fnMap":{},"branchMap":{},"s":{"0":3,"1":3,"2":3,"3":3,"4":3},"f":{},"b":{},"_coverageSchema":"1a1c01bbd47fc00a2c39e90264f33305004495a9","hash":"98b440bd74a1556a9d008b6e03038d407aa3dcbb"}
}
