TN:
SF:controllers\AuthController.js
FN:6,(anonymous_0)
FN:10,(anonymous_1)
FN:34,(anonymous_2)
FN:61,(anonymous_3)
FN:69,(anonymous_4)
FN:80,(anonymous_5)
FNF:6
FNH:6
FNDA:13,(anonymous_0)
FNDA:11,(anonymous_1)
FNDA:8,(anonymous_2)
FNDA:3,(anonymous_3)
FNDA:1,(anonymous_4)
FNDA:3,(anonymous_5)
DA:6,3
DA:7,13
DA:10,3
DA:11,11
DA:12,11
DA:14,11
DA:15,10
DA:16,2
DA:19,8
DA:20,8
DA:21,8
DA:23,7
DA:30,2
DA:34,3
DA:35,8
DA:36,8
DA:37,8
DA:38,7
DA:39,1
DA:41,6
DA:42,6
DA:43,1
DA:46,5
DA:47,5
DA:48,5
DA:49,5
DA:57,1
DA:61,3
DA:62,3
DA:64,3
DA:65,3
DA:66,2
DA:69,1
DA:70,1
DA:71,0
DA:74,1
DA:76,1
DA:80,3
DA:81,3
DA:83,3
DA:84,1
DA:87,2
DA:88,2
DA:89,1
DA:92,1
LF:45
LH:44
BRDA:15,0,0,2
BRDA:15,0,1,8
BRDA:38,1,0,1
BRDA:38,1,1,6
BRDA:42,2,0,1
BRDA:42,2,1,5
BRDA:65,3,0,2
BRDA:65,3,1,1
BRDA:70,4,0,0
BRDA:70,4,1,1
BRDA:83,5,0,1
BRDA:83,5,1,2
BRDA:88,6,0,1
BRDA:88,6,1,1
BRF:14
BRH:13
end_of_record
TN:
SF:controllers\commentController.js
FN:5,(anonymous_0)
FN:20,(anonymous_1)
FN:30,(anonymous_2)
FN:44,(anonymous_3)
FN:55,(anonymous_4)
FN:67,(anonymous_5)
FN:80,(anonymous_6)
FN:92,(anonymous_7)
FNF:8
FNH:7
FNDA:3,(anonymous_0)
FNDA:1,(anonymous_1)
FNDA:2,(anonymous_2)
FNDA:1,(anonymous_3)
FNDA:0,(anonymous_4)
FNDA:2,(anonymous_5)
FNDA:2,(anonymous_6)
FNDA:1,(anonymous_7)
DA:5,3
DA:6,3
DA:7,3
DA:8,3
DA:9,2
DA:10,1
DA:12,1
DA:13,1
DA:15,1
DA:20,3
DA:21,1
DA:22,1
DA:23,1
DA:25,0
DA:30,3
DA:31,2
DA:32,2
DA:33,2
DA:34,2
DA:35,1
DA:37,1
DA:39,0
DA:44,3
DA:45,1
DA:46,1
DA:47,1
DA:48,1
DA:50,0
DA:55,3
DA:56,0
DA:57,0
DA:58,0
DA:59,0
DA:61,0
DA:67,3
DA:68,2
DA:69,2
DA:70,2
DA:71,2
DA:72,2
DA:73,1
DA:75,0
DA:80,3
DA:81,2
DA:82,2
DA:83,2
DA:84,2
DA:85,1
DA:87,0
DA:92,3
DA:93,1
DA:94,1
DA:95,1
DA:100,0
LF:54
LH:43
BRDA:9,0,0,1
BRDA:9,0,1,1
BRDA:34,1,0,1
BRDA:34,1,1,1
BRDA:72,2,0,1
BRDA:72,2,1,1
BRDA:84,3,0,1
BRDA:84,3,1,1
BRF:8
BRH:8
end_of_record
TN:
SF:controllers\postController.js
FN:4,(anonymous_0)
FN:14,(anonymous_1)
FN:31,(anonymous_2)
FN:43,(anonymous_3)
FNF:4
FNH:4
FNDA:2,(anonymous_0)
FNDA:2,(anonymous_1)
FNDA:2,(anonymous_2)
FNDA:2,(anonymous_3)
DA:4,3
DA:5,2
DA:6,2
DA:7,2
DA:8,1
DA:10,1
DA:14,3
DA:15,2
DA:16,2
DA:17,2
DA:18,1
DA:19,1
DA:20,0
DA:22,1
DA:24,1
DA:25,1
DA:27,0
DA:31,3
DA:32,2
DA:33,2
DA:34,2
DA:35,1
DA:37,1
DA:39,0
DA:43,3
DA:44,2
DA:45,2
DA:46,2
DA:47,1
DA:49,1
DA:51,0
LF:31
LH:27
BRDA:17,0,0,1
BRDA:17,0,1,1
BRDA:19,1,0,0
BRDA:19,1,1,1
BRDA:19,2,0,1
BRDA:19,2,1,1
BRDA:34,3,0,1
BRDA:34,3,1,1
BRDA:46,4,0,1
BRDA:46,4,1,1
BRF:10
BRH:9
end_of_record
TN:
SF:middleware\middleware.js
FN:4,(anonymous_0)
FNF:1
FNH:1
FNDA:22,(anonymous_0)
DA:4,3
DA:6,22
DA:7,21
DA:8,21
DA:9,21
DA:10,20
DA:11,20
DA:13,1
DA:16,1
LF:9
LH:9
BRDA:6,0,0,21
BRDA:6,0,1,1
BRDA:6,1,0,22
BRDA:6,1,1,21
BRF:4
BRH:4
end_of_record
TN:
SF:models\commentModel.js
FNF:0
FNH:0
DA:3,3
LF:1
LH:1
BRF:0
BRH:0
end_of_record
TN:
SF:models\postModel.js
FNF:0
FNH:0
DA:3,3
DA:18,3
LF:2
LH:2
BRF:0
BRH:0
end_of_record
TN:
SF:models\userModel.js
FNF:0
FNH:0
DA:3,3
DA:10,3
LF:2
LH:2
BRF:0
BRH:0
end_of_record
TN:
SF:routes\authRoutes.js
FNF:0
FNH:0
DA:3,3
DA:63,3
DA:82,3
DA:136,3
DA:157,3
LF:5
LH:5
BRF:0
BRH:0
end_of_record
TN:
SF:routes\commentRoutes.js
FNF:0
FNH:0
DA:14,3
DA:17,3
DA:20,3
DA:23,3
DA:26,3
DA:29,3
DA:32,3
DA:35,3
DA:38,3
LF:9
LH:9
BRF:0
BRH:0
end_of_record
TN:
SF:routes\postRoutes.js
FNF:0
FNH:0
DA:4,3
DA:6,3
DA:7,3
DA:8,3
DA:9,3
LF:5
LH:5
BRF:0
BRH:0
end_of_record
